c:\users\infin\desktop\gerador_fase1\gerador_fase1\x64\debug\vc143.pdb
c:\users\infin\desktop\gerador_fase1\gerador_fase1\x64\debug\vc143.idb
c:\users\infin\desktop\gerador_fase1\gerador_fase1\x64\debug\gerador.obj
c:\users\infin\desktop\gerador_fase1\gerador_fase1\x64\debug\funcgera.obj
c:\users\infin\desktop\gerador_fase1\gerador_fase1\x64\debug\gerador_fase1.ilk
c:\users\infin\desktop\gerador_fase1\x64\debug\gerador_fase1.exe
c:\users\infin\desktop\gerador_fase1\x64\debug\gerador_fase1.pdb
c:\users\andre\desktop\versao_final_gc1\versao_final_gc1\gerador_fase1\gerador_fase1\x64\debug\funcgera.obj
c:\users\andre\desktop\versao_final_gc1\versao_final_gc1\gerador_fase1\gerador_fase1\x64\debug\gerador.obj
c:\users\andre\desktop\versao_final_gc1\versao_final_gc1\gerador_fase1\gerador_fase1\x64\debug\gerador_fase1.ilk
c:\users\andre\desktop\versao_final_gc1\versao_final_gc1\gerador_fase1\gerador_fase1\x64\debug\vc143.idb
c:\users\andre\desktop\versao_final_gc1\versao_final_gc1\gerador_fase1\gerador_fase1\x64\debug\vc143.pdb
c:\users\andre\desktop\versao_final_gc1\versao_final_gc1\gerador_fase1\x64\debug\gerador_fase1.pdb
c:\users\andre\desktop\versao_final_gc1\versao_final_gc1\gerador_fase1\x64\debug\gerador_fase1.exe
c:\users\andre\desktop\versao_final_gc1\versao_final_gc1\gerador_fase1\gerador_fase1\x64\debug\gerador_fase1.tlog\cl.command.1.tlog
c:\users\andre\desktop\versao_final_gc1\versao_final_gc1\gerador_fase1\gerador_fase1\x64\debug\gerador_fase1.tlog\cl.read.1.tlog
c:\users\andre\desktop\versao_final_gc1\versao_final_gc1\gerador_fase1\gerador_fase1\x64\debug\gerador_fase1.tlog\cl.write.1.tlog
c:\users\andre\desktop\versao_final_gc1\versao_final_gc1\gerador_fase1\gerador_fase1\x64\debug\gerador_fase1.tlog\link.command.1.tlog
c:\users\andre\desktop\versao_final_gc1\versao_final_gc1\gerador_fase1\gerador_fase1\x64\debug\gerador_fase1.tlog\link.read.1.tlog
c:\users\andre\desktop\versao_final_gc1\versao_final_gc1\gerador_fase1\gerador_fase1\x64\debug\gerador_fase1.tlog\link.write.1.tlog
