  engine.cpp
C:\Users\andre\Desktop\Uni\3º Ano\2º semestre\CG\TrabalhoCG\3ª fase\Grupo10_fase3\Grupo10_fase3\Versao_final_GC3\Engine\Engine\engine.cpp(166,65): warning C4244: '=': conversion from 'double' to 'float', possible loss of data
C:\Users\andre\Desktop\Uni\3º Ano\2º semestre\CG\TrabalhoCG\3ª fase\Grupo10_fase3\Grupo10_fase3\Versao_final_GC3\Engine\Engine\engine.cpp(167,56): warning C4244: '=': conversion from 'double' to 'float', possible loss of data
C:\Users\andre\Desktop\Uni\3º Ano\2º semestre\CG\TrabalhoCG\3ª fase\Grupo10_fase3\Grupo10_fase3\Versao_final_GC3\Engine\Engine\engine.cpp(173,31): warning C4267: 'initializing': conversion from 'size_t' to 'int', possible loss of data
C:\Users\andre\Desktop\Uni\3º Ano\2º semestre\CG\TrabalhoCG\3ª fase\Grupo10_fase3\Grupo10_fase3\Versao_final_GC3\Engine\Engine\engine.cpp(176,15): warning C4244: 'initializing': conversion from 'float' to 'int', possible loss of data
C:\Users\andre\Desktop\Uni\3º Ano\2º semestre\CG\TrabalhoCG\3ª fase\Grupo10_fase3\Grupo10_fase3\Versao_final_GC3\Engine\Engine\engine.cpp(251,24): warning C4244: 'initializing': conversion from 'int' to 'float', possible loss of data
C:\Users\andre\Desktop\Uni\3º Ano\2º semestre\CG\TrabalhoCG\3ª fase\Grupo10_fase3\Grupo10_fase3\Versao_final_GC3\Engine\Engine\engine.cpp(313,17): warning C4244: 'initializing': conversion from 'double' to 'float', possible loss of data
C:\Users\andre\Desktop\Uni\3º Ano\2º semestre\CG\TrabalhoCG\3ª fase\Grupo10_fase3\Grupo10_fase3\Versao_final_GC3\Engine\Engine\engine.cpp(365,33): warning C4244: '=': conversion from 'double' to 'float', possible loss of data
C:\Users\andre\Desktop\Uni\3º Ano\2º semestre\CG\TrabalhoCG\3ª fase\Grupo10_fase3\Grupo10_fase3\Versao_final_GC3\Engine\Engine\engine.cpp(366,33): warning C4244: '=': conversion from 'double' to 'float', possible loss of data
C:\Users\andre\Desktop\Uni\3º Ano\2º semestre\CG\TrabalhoCG\3ª fase\Grupo10_fase3\Grupo10_fase3\Versao_final_GC3\Engine\Engine\engine.cpp(367,33): warning C4244: '=': conversion from 'double' to 'float', possible loss of data
C:\Users\andre\Desktop\Uni\3º Ano\2º semestre\CG\TrabalhoCG\3ª fase\Grupo10_fase3\Grupo10_fase3\Versao_final_GC3\Engine\Engine\engine.cpp(375,36): warning C4244: '=': conversion from 'double' to 'float', possible loss of data
C:\Users\andre\Desktop\Uni\3º Ano\2º semestre\CG\TrabalhoCG\3ª fase\Grupo10_fase3\Grupo10_fase3\Versao_final_GC3\Engine\Engine\engine.cpp(381,37): warning C4244: '=': conversion from 'double' to 'float', possible loss of data
C:\Users\andre\Desktop\Uni\3º Ano\2º semestre\CG\TrabalhoCG\3ª fase\Grupo10_fase3\Grupo10_fase3\Versao_final_GC3\Engine\Engine\engine.cpp(382,37): warning C4244: '=': conversion from 'double' to 'float', possible loss of data
C:\Users\andre\Desktop\Uni\3º Ano\2º semestre\CG\TrabalhoCG\3ª fase\Grupo10_fase3\Grupo10_fase3\Versao_final_GC3\Engine\Engine\engine.cpp(383,37): warning C4244: '=': conversion from 'double' to 'float', possible loss of data
C:\Users\andre\Desktop\Uni\3º Ano\2º semestre\CG\TrabalhoCG\3ª fase\Grupo10_fase3\Grupo10_fase3\Versao_final_GC3\Engine\Engine\engine.cpp(395,37): warning C4244: '=': conversion from 'double' to 'float', possible loss of data
C:\Users\andre\Desktop\Uni\3º Ano\2º semestre\CG\TrabalhoCG\3ª fase\Grupo10_fase3\Grupo10_fase3\Versao_final_GC3\Engine\Engine\engine.cpp(396,33): warning C4244: '=': conversion from 'double' to 'float', possible loss of data
C:\Users\andre\Desktop\Uni\3º Ano\2º semestre\CG\TrabalhoCG\3ª fase\Grupo10_fase3\Grupo10_fase3\Versao_final_GC3\Engine\Engine\engine.cpp(397,33): warning C4244: '=': conversion from 'double' to 'float', possible loss of data
C:\Users\andre\Desktop\Uni\3º Ano\2º semestre\CG\TrabalhoCG\3ª fase\Grupo10_fase3\Grupo10_fase3\Versao_final_GC3\Engine\Engine\engine.cpp(398,33): warning C4244: '=': conversion from 'double' to 'float', possible loss of data
C:\Users\andre\Desktop\Uni\3º Ano\2º semestre\CG\TrabalhoCG\3ª fase\Grupo10_fase3\Grupo10_fase3\Versao_final_GC3\Engine\Engine\engine.cpp(405,36): warning C4244: '=': conversion from 'double' to 'float', possible loss of data
C:\Users\andre\Desktop\Uni\3º Ano\2º semestre\CG\TrabalhoCG\3ª fase\Grupo10_fase3\Grupo10_fase3\Versao_final_GC3\Engine\Engine\engine.cpp(406,33): warning C4244: '=': conversion from 'double' to 'float', possible loss of data
C:\Users\andre\Desktop\Uni\3º Ano\2º semestre\CG\TrabalhoCG\3ª fase\Grupo10_fase3\Grupo10_fase3\Versao_final_GC3\Engine\Engine\engine.cpp(407,33): warning C4244: '=': conversion from 'double' to 'float', possible loss of data
C:\Users\andre\Desktop\Uni\3º Ano\2º semestre\CG\TrabalhoCG\3ª fase\Grupo10_fase3\Grupo10_fase3\Versao_final_GC3\Engine\Engine\engine.cpp(408,33): warning C4244: '=': conversion from 'double' to 'float', possible loss of data
C:\Users\andre\Desktop\Uni\3º Ano\2º semestre\CG\TrabalhoCG\3ª fase\Grupo10_fase3\Grupo10_fase3\Versao_final_GC3\Engine\Engine\engine.cpp(417,29): warning C4244: '=': conversion from 'double' to 'float', possible loss of data
C:\Users\andre\Desktop\Uni\3º Ano\2º semestre\CG\TrabalhoCG\3ª fase\Grupo10_fase3\Grupo10_fase3\Versao_final_GC3\Engine\Engine\engine.cpp(418,29): warning C4244: '=': conversion from 'double' to 'float', possible loss of data
C:\Users\andre\Desktop\Uni\3º Ano\2º semestre\CG\TrabalhoCG\3ª fase\Grupo10_fase3\Grupo10_fase3\Versao_final_GC3\Engine\Engine\engine.cpp(419,29): warning C4244: '=': conversion from 'double' to 'float', possible loss of data
C:\Users\andre\Desktop\Uni\3º Ano\2º semestre\CG\TrabalhoCG\3ª fase\Grupo10_fase3\Grupo10_fase3\Versao_final_GC3\Engine\Engine\engine.cpp(394,47): warning C4101: 'time': unreferenced local variable
C:\Users\andre\Desktop\Uni\3º Ano\2º semestre\CG\TrabalhoCG\3ª fase\Grupo10_fase3\Grupo10_fase3\Versao_final_GC3\Engine\Engine\engine.cpp(404,40): warning C4101: 'angle': unreferenced local variable
C:\Users\andre\Desktop\Uni\3º Ano\2º semestre\CG\TrabalhoCG\3ª fase\Grupo10_fase3\Grupo10_fase3\Versao_final_GC3\Engine\Engine\engine.cpp(460,21): warning C4244: '=': conversion from 'double' to 'float', possible loss of data
C:\Users\andre\Desktop\Uni\3º Ano\2º semestre\CG\TrabalhoCG\3ª fase\Grupo10_fase3\Grupo10_fase3\Versao_final_GC3\Engine\Engine\engine.cpp(461,21): warning C4244: '=': conversion from 'double' to 'float', possible loss of data
C:\Users\andre\Desktop\Uni\3º Ano\2º semestre\CG\TrabalhoCG\3ª fase\Grupo10_fase3\Grupo10_fase3\Versao_final_GC3\Engine\Engine\engine.cpp(462,21): warning C4244: '=': conversion from 'double' to 'float', possible loss of data
C:\Users\andre\Desktop\Uni\3º Ano\2º semestre\CG\TrabalhoCG\3ª fase\Grupo10_fase3\Grupo10_fase3\Versao_final_GC3\Engine\Engine\engine.cpp(465,19): warning C4244: '=': conversion from 'double' to 'float', possible loss of data
C:\Users\andre\Desktop\Uni\3º Ano\2º semestre\CG\TrabalhoCG\3ª fase\Grupo10_fase3\Grupo10_fase3\Versao_final_GC3\Engine\Engine\engine.cpp(466,19): warning C4244: '=': conversion from 'double' to 'float', possible loss of data
C:\Users\andre\Desktop\Uni\3º Ano\2º semestre\CG\TrabalhoCG\3ª fase\Grupo10_fase3\Grupo10_fase3\Versao_final_GC3\Engine\Engine\engine.cpp(467,19): warning C4244: '=': conversion from 'double' to 'float', possible loss of data
C:\Users\andre\Desktop\Uni\3º Ano\2º semestre\CG\TrabalhoCG\3ª fase\Grupo10_fase3\Grupo10_fase3\Versao_final_GC3\Engine\Engine\engine.cpp(470,15): warning C4244: '=': conversion from 'double' to 'float', possible loss of data
C:\Users\andre\Desktop\Uni\3º Ano\2º semestre\CG\TrabalhoCG\3ª fase\Grupo10_fase3\Grupo10_fase3\Versao_final_GC3\Engine\Engine\engine.cpp(471,15): warning C4244: '=': conversion from 'double' to 'float', possible loss of data
C:\Users\andre\Desktop\Uni\3º Ano\2º semestre\CG\TrabalhoCG\3ª fase\Grupo10_fase3\Grupo10_fase3\Versao_final_GC3\Engine\Engine\engine.cpp(472,15): warning C4244: '=': conversion from 'double' to 'float', possible loss of data
C:\Users\andre\Desktop\Uni\3º Ano\2º semestre\CG\TrabalhoCG\3ª fase\Grupo10_fase3\Grupo10_fase3\Versao_final_GC3\Engine\Engine\engine.cpp(475,15): warning C4244: '=': conversion from 'double' to 'float', possible loss of data
C:\Users\andre\Desktop\Uni\3º Ano\2º semestre\CG\TrabalhoCG\3ª fase\Grupo10_fase3\Grupo10_fase3\Versao_final_GC3\Engine\Engine\engine.cpp(476,17): warning C4244: '=': conversion from 'double' to 'float', possible loss of data
C:\Users\andre\Desktop\Uni\3º Ano\2º semestre\CG\TrabalhoCG\3ª fase\Grupo10_fase3\Grupo10_fase3\Versao_final_GC3\Engine\Engine\engine.cpp(477,17): warning C4244: '=': conversion from 'double' to 'float', possible loss of data
C:\Users\andre\Desktop\Uni\3º Ano\2º semestre\CG\TrabalhoCG\3ª fase\Grupo10_fase3\Grupo10_fase3\Versao_final_GC3\Engine\Engine\engine.cpp(552,21): warning C4305: '-=': truncation from 'double' to 'float'
C:\Users\andre\Desktop\Uni\3º Ano\2º semestre\CG\TrabalhoCG\3ª fase\Grupo10_fase3\Grupo10_fase3\Versao_final_GC3\Engine\Engine\engine.cpp(556,21): warning C4305: '+=': truncation from 'double' to 'float'
  tinyxml.cpp
  Generating Code...
  Engine.vcxproj -> C:\Users\andre\Desktop\Uni\3º Ano\2º semestre\CG\TrabalhoCG\3ª fase\Grupo10_fase3\Grupo10_fase3\Versao_final_GC3\Engine\x64\Debug\Engine.exe
          1 file(s) copied.
